<?xml version="1.0" encoding="UTF-8"?>
<testng-results skipped="0" failed="1" ignored="0" total="4" passed="3">
  <reporter-output>
  </reporter-output>
  <suite name="CartaxCheckSuite" duration-ms="86066" started-at="2020-07-05T09:04:11Z" finished-at="2020-07-05T09:05:37Z">
    <groups>
    </groups>
    <test name="Test" duration-ms="86066" started-at="2020-07-05T09:04:11Z" finished-at="2020-07-05T09:05:37Z">
      <class name="co.uk.cartaxcheck.tests.FreeCarCheckTests">
        <test-method status="PASS" signature="initiateReporting(java.lang.String)[pri:0, instance:co.uk.cartaxcheck.tests.FreeCarCheckTests@4883b407]" name="initiateReporting" is-config="true" duration-ms="520" started-at="2020-07-05T09:04:11Z" finished-at="2020-07-05T09:04:11Z">
          <params>
            <param index="0">
              <value>
                <![CDATA[chrome]]>
              </value>
            </param>
          </params>
          <reporter-output>
          </reporter-output>
        </test-method> <!-- initiateReporting -->
        <test-method status="PASS" signature="setUp(java.lang.String, java.lang.String)[pri:0, instance:co.uk.cartaxcheck.tests.FreeCarCheckTests@4883b407]" name="setUp" is-config="true" duration-ms="30337" started-at="2020-07-05T09:04:11Z" finished-at="2020-07-05T09:04:42Z">
          <params>
            <param index="0">
              <value>
                <![CDATA[chrome]]>
              </value>
            </param>
            <param index="1">
              <value>
                <![CDATA[https://cartaxcheck.co.uk/]]>
              </value>
            </param>
          </params>
          <reporter-output>
          </reporter-output>
        </test-method> <!-- setUp -->
        <test-method status="PASS" signature="searchCarAndVerifyDetailsFile1(java.lang.String, co.uk.cartaxcheck.dataobjects.CarDetails)[pri:0, instance:co.uk.cartaxcheck.tests.FreeCarCheckTests@4883b407]" name="searchCarAndVerifyDetailsFile1" duration-ms="5810" started-at="2020-07-05T09:04:42Z" data-provider="getCarRegistrtionData" finished-at="2020-07-05T09:04:47Z">
          <params>
            <param index="0">
              <value>
                <![CDATA[DN09HRM]]>
              </value>
            </param>
            <param index="1">
              <value>
                <![CDATA[co.uk.cartaxcheck.dataobjects.CarDetails@471a9022]]>
              </value>
            </param>
          </params>
          <reporter-output>
          </reporter-output>
        </test-method> <!-- searchCarAndVerifyDetailsFile1 -->
        <test-method status="PASS" signature="logResult(org.testng.ITestResult)[pri:0, instance:co.uk.cartaxcheck.tests.FreeCarCheckTests@4883b407]" name="logResult" is-config="true" duration-ms="1189" started-at="2020-07-05T09:04:47Z" finished-at="2020-07-05T09:04:49Z">
          <params>
            <param index="0">
              <value>
                <![CDATA[[TestResult name=searchCarAndVerifyDetailsFile1 status=SUCCESS method=FreeCarCheckTests.searchCarAndVerifyDetailsFile1(java.lang.String, co.uk.cartaxcheck.dataobjects.CarDetails)[pri:0, instance:co.uk.cartaxcheck.tests.FreeCarCheckTests@4883b407] output={null}]]]>
              </value>
            </param>
          </params>
          <reporter-output>
          </reporter-output>
        </test-method> <!-- logResult -->
        <test-method status="PASS" signature="setUp(java.lang.String, java.lang.String)[pri:0, instance:co.uk.cartaxcheck.tests.FreeCarCheckTests@4883b407]" name="setUp" is-config="true" duration-ms="10812" started-at="2020-07-05T09:04:49Z" finished-at="2020-07-05T09:04:59Z">
          <params>
            <param index="0">
              <value>
                <![CDATA[chrome]]>
              </value>
            </param>
            <param index="1">
              <value>
                <![CDATA[https://cartaxcheck.co.uk/]]>
              </value>
            </param>
          </params>
          <reporter-output>
          </reporter-output>
        </test-method> <!-- setUp -->
        <test-method status="FAIL" signature="searchCarAndVerifyDetailsFile1(java.lang.String, co.uk.cartaxcheck.dataobjects.CarDetails)[pri:0, instance:co.uk.cartaxcheck.tests.FreeCarCheckTests@4883b407]" name="searchCarAndVerifyDetailsFile1" duration-ms="2734" started-at="2020-07-05T09:04:59Z" data-provider="getCarRegistrtionData" finished-at="2020-07-05T09:05:02Z">
          <params>
            <param index="0">
              <value>
                <![CDATA[BW57 BOW]]>
              </value>
            </param>
            <param index="1">
              <value is-null="true"/>
            </param>
          </params>
          <exception class="java.lang.NullPointerException">
            <full-stacktrace>
              <![CDATA[java.lang.NullPointerException
at co.uk.cartaxcheck.tests.FreeCarCheckTests.searchCarAndVerifyDetailsFile1(FreeCarCheckTests.java:31)
at sun.reflect.NativeMethodAccessorImpl.invoke0(Native Method)
at sun.reflect.NativeMethodAccessorImpl.invoke(Unknown Source)
at sun.reflect.DelegatingMethodAccessorImpl.invoke(Unknown Source)
at java.lang.reflect.Method.invoke(Unknown Source)
at org.testng.internal.MethodInvocationHelper.invokeMethod(MethodInvocationHelper.java:124)
at org.testng.internal.Invoker.invokeMethod(Invoker.java:583)
at org.testng.internal.Invoker.invokeTestMethod(Invoker.java:719)
at org.testng.internal.Invoker.invokeTestMethods(Invoker.java:989)
at org.testng.internal.TestMethodWorker.invokeTestMethods(TestMethodWorker.java:125)
at org.testng.internal.TestMethodWorker.run(TestMethodWorker.java:109)
at org.testng.TestRunner.privateRun(TestRunner.java:648)
at org.testng.TestRunner.run(TestRunner.java:505)
at org.testng.SuiteRunner.runTest(SuiteRunner.java:455)
at org.testng.SuiteRunner.runSequentially(SuiteRunner.java:450)
at org.testng.SuiteRunner.privateRun(SuiteRunner.java:415)
at org.testng.SuiteRunner.run(SuiteRunner.java:364)
at org.testng.SuiteRunnerWorker.runSuite(SuiteRunnerWorker.java:52)
at org.testng.SuiteRunnerWorker.run(SuiteRunnerWorker.java:84)
at org.testng.TestNG.runSuitesSequentially(TestNG.java:1208)
at org.testng.TestNG.runSuitesLocally(TestNG.java:1137)
at org.testng.TestNG.runSuites(TestNG.java:1049)
at org.testng.TestNG.run(TestNG.java:1017)
at org.testng.remote.AbstractRemoteTestNG.run(AbstractRemoteTestNG.java:115)
at org.testng.remote.RemoteTestNG.initAndRun(RemoteTestNG.java:251)
at org.testng.remote.RemoteTestNG.main(RemoteTestNG.java:77)
]]>
            </full-stacktrace>
          </exception> <!-- java.lang.NullPointerException -->
          <reporter-output>
          </reporter-output>
        </test-method> <!-- searchCarAndVerifyDetailsFile1 -->
        <test-method status="PASS" signature="logResult(org.testng.ITestResult)[pri:0, instance:co.uk.cartaxcheck.tests.FreeCarCheckTests@4883b407]" name="logResult" is-config="true" duration-ms="1090" started-at="2020-07-05T09:05:02Z" finished-at="2020-07-05T09:05:03Z">
          <params>
            <param index="0">
              <value>
                <![CDATA[[TestResult name=searchCarAndVerifyDetailsFile1 status=FAILURE method=FreeCarCheckTests.searchCarAndVerifyDetailsFile1(java.lang.String, co.uk.cartaxcheck.dataobjects.CarDetails)[pri:0, instance:co.uk.cartaxcheck.tests.FreeCarCheckTests@4883b407] output={null}]]]>
              </value>
            </param>
          </params>
          <reporter-output>
          </reporter-output>
        </test-method> <!-- logResult -->
        <test-method status="PASS" signature="setUp(java.lang.String, java.lang.String)[pri:0, instance:co.uk.cartaxcheck.tests.FreeCarCheckTests@4883b407]" name="setUp" is-config="true" duration-ms="10921" started-at="2020-07-05T09:05:03Z" finished-at="2020-07-05T09:05:14Z">
          <params>
            <param index="0">
              <value>
                <![CDATA[chrome]]>
              </value>
            </param>
            <param index="1">
              <value>
                <![CDATA[https://cartaxcheck.co.uk/]]>
              </value>
            </param>
          </params>
          <reporter-output>
          </reporter-output>
        </test-method> <!-- setUp -->
        <test-method status="PASS" signature="searchCarAndVerifyDetailsFile1(java.lang.String, co.uk.cartaxcheck.dataobjects.CarDetails)[pri:0, instance:co.uk.cartaxcheck.tests.FreeCarCheckTests@4883b407]" name="searchCarAndVerifyDetailsFile1" duration-ms="4535" started-at="2020-07-05T09:05:14Z" data-provider="getCarRegistrtionData" finished-at="2020-07-05T09:05:19Z">
          <params>
            <param index="0">
              <value>
                <![CDATA[KT17DLX]]>
              </value>
            </param>
            <param index="1">
              <value>
                <![CDATA[co.uk.cartaxcheck.dataobjects.CarDetails@a202ccb]]>
              </value>
            </param>
          </params>
          <reporter-output>
          </reporter-output>
        </test-method> <!-- searchCarAndVerifyDetailsFile1 -->
        <test-method status="PASS" signature="logResult(org.testng.ITestResult)[pri:0, instance:co.uk.cartaxcheck.tests.FreeCarCheckTests@4883b407]" name="logResult" is-config="true" duration-ms="1280" started-at="2020-07-05T09:05:19Z" finished-at="2020-07-05T09:05:20Z">
          <params>
            <param index="0">
              <value>
                <![CDATA[[TestResult name=searchCarAndVerifyDetailsFile1 status=SUCCESS method=FreeCarCheckTests.searchCarAndVerifyDetailsFile1(java.lang.String, co.uk.cartaxcheck.dataobjects.CarDetails)[pri:0, instance:co.uk.cartaxcheck.tests.FreeCarCheckTests@4883b407] output={null}]]]>
              </value>
            </param>
          </params>
          <reporter-output>
          </reporter-output>
        </test-method> <!-- logResult -->
        <test-method status="PASS" signature="setUp(java.lang.String, java.lang.String)[pri:0, instance:co.uk.cartaxcheck.tests.FreeCarCheckTests@4883b407]" name="setUp" is-config="true" duration-ms="11683" started-at="2020-07-05T09:05:20Z" finished-at="2020-07-05T09:05:32Z">
          <params>
            <param index="0">
              <value>
                <![CDATA[chrome]]>
              </value>
            </param>
            <param index="1">
              <value>
                <![CDATA[https://cartaxcheck.co.uk/]]>
              </value>
            </param>
          </params>
          <reporter-output>
          </reporter-output>
        </test-method> <!-- setUp -->
        <test-method status="PASS" signature="searchCarAndVerifyDetailsFile1(java.lang.String, co.uk.cartaxcheck.dataobjects.CarDetails)[pri:0, instance:co.uk.cartaxcheck.tests.FreeCarCheckTests@4883b407]" name="searchCarAndVerifyDetailsFile1" duration-ms="4450" started-at="2020-07-05T09:05:32Z" data-provider="getCarRegistrtionData" finished-at="2020-07-05T09:05:36Z">
          <params>
            <param index="0">
              <value>
                <![CDATA[SG18 HTN]]>
              </value>
            </param>
            <param index="1">
              <value>
                <![CDATA[co.uk.cartaxcheck.dataobjects.CarDetails@6fff253c]]>
              </value>
            </param>
          </params>
          <reporter-output>
          </reporter-output>
        </test-method> <!-- searchCarAndVerifyDetailsFile1 -->
        <test-method status="PASS" signature="logResult(org.testng.ITestResult)[pri:0, instance:co.uk.cartaxcheck.tests.FreeCarCheckTests@4883b407]" name="logResult" is-config="true" duration-ms="1167" started-at="2020-07-05T09:05:36Z" finished-at="2020-07-05T09:05:37Z">
          <params>
            <param index="0">
              <value>
                <![CDATA[[TestResult name=searchCarAndVerifyDetailsFile1 status=SUCCESS method=FreeCarCheckTests.searchCarAndVerifyDetailsFile1(java.lang.String, co.uk.cartaxcheck.dataobjects.CarDetails)[pri:0, instance:co.uk.cartaxcheck.tests.FreeCarCheckTests@4883b407] output={null}]]]>
              </value>
            </param>
          </params>
          <reporter-output>
          </reporter-output>
        </test-method> <!-- logResult -->
        <test-method status="PASS" signature="generateReport()[pri:0, instance:co.uk.cartaxcheck.tests.FreeCarCheckTests@4883b407]" name="generateReport" is-config="true" duration-ms="846" started-at="2020-07-05T09:05:37Z" finished-at="2020-07-05T09:05:38Z">
          <reporter-output>
          </reporter-output>
        </test-method> <!-- generateReport -->
      </class> <!-- co.uk.cartaxcheck.tests.FreeCarCheckTests -->
    </test> <!-- Test -->
  </suite> <!-- CartaxCheckSuite -->
</testng-results>
