<?xml version="1.0" encoding="UTF-8"?>
<!-- Generated by org.testng.reporters.JUnitXMLReporter -->
<testsuite hostname="pc-PC" ignored="0" name="Test" tests="4" failures="1" timestamp="05 Jul 2020 09:05:37 GMT" time="86.066" errors="0">
  <testcase name="searchCarAndVerifyDetailsFile1" time="5.81" classname="co.uk.cartaxcheck.tests.FreeCarCheckTests"/>
  <testcase name="searchCarAndVerifyDetailsFile1" time="2.734" classname="co.uk.cartaxcheck.tests.FreeCarCheckTests">
    <failure type="java.lang.NullPointerException">
      <![CDATA[java.lang.NullPointerException
at co.uk.cartaxcheck.tests.FreeCarCheckTests.searchCarAndVerifyDetailsFile1(FreeCarCheckTests.java:31)
... Removed 25 stack frames]]>
    </failure>
  </testcase> <!-- searchCarAndVerifyDetailsFile1 -->
  <testcase name="searchCarAndVerifyDetailsFile1" time="4.535" classname="co.uk.cartaxcheck.tests.FreeCarCheckTests"/>
  <testcase name="searchCarAndVerifyDetailsFile1" time="4.45" classname="co.uk.cartaxcheck.tests.FreeCarCheckTests"/>
</testsuite> <!-- Test -->
